[2023-07-27 10:09:00,481: INFO: main: starting the  custom logs for text summarizer]
[2023-07-27 13:56:25,155: INFO: common: yaml file: config/config.yaml loaded successfully]
[2023-07-27 13:56:25,167: INFO: common: yaml file: params.yaml loaded successfully]
[2023-07-27 13:56:25,180: INFO: common: created directory at: artifacts]
[2023-07-27 13:56:25,188: INFO: common: created directory at: artifacts/data_ingestion]
[2023-07-27 14:08:45,128: INFO: common: yaml file: config/config.yaml loaded successfully]
[2023-07-27 14:08:45,137: INFO: common: yaml file: params.yaml loaded successfully]
[2023-07-27 14:08:45,155: INFO: common: created directory at: artifacts]
[2023-07-27 14:08:45,157: INFO: common: created directory at: artifacts/data_ingestion]
[2023-07-27 14:08:46,259: INFO: 1434958058: artifacts/data_ingestion/data.zip download! with following info: 
Server: GitHub.com
Date: Thu, 27 Jul 2023 08:38:46 GMT
Content-Type: text/html; charset=utf-8
Vary: X-PJAX, X-PJAX-Container, Turbo-Visit, Turbo-Frame, Accept-Encoding, Accept, X-Requested-With
ETag: W/"4474375551549a936da1fa4b51b2471e"
Cache-Control: max-age=0, private, must-revalidate
Strict-Transport-Security: max-age=31536000; includeSubdomains; preload
X-Frame-Options: deny
X-Content-Type-Options: nosniff
X-XSS-Protection: 0
Referrer-Policy: no-referrer-when-downgrade
Content-Security-Policy: default-src 'none'; base-uri 'self'; child-src github.com/assets-cdn/worker/ gist.github.com/assets-cdn/worker/; connect-src 'self' uploads.github.com objects-origin.githubusercontent.com www.githubstatus.com collector.github.com raw.githubusercontent.com api.github.com github-cloud.s3.amazonaws.com github-production-repository-file-5c1aeb.s3.amazonaws.com github-production-upload-manifest-file-7fdce7.s3.amazonaws.com github-production-user-asset-6210df.s3.amazonaws.com cdn.optimizely.com logx.optimizely.com/v1/events *.actions.githubusercontent.com productionresultssa0.blob.core.windows.net/ productionresultssa1.blob.core.windows.net/ productionresultssa2.blob.core.windows.net/ productionresultssa3.blob.core.windows.net/ productionresultssa4.blob.core.windows.net/ wss://*.actions.githubusercontent.com github-production-repository-image-32fea6.s3.amazonaws.com github-production-release-asset-2e65be.s3.amazonaws.com insights.github.com wss://alive.github.com; font-src github.githubassets.com; form-action 'self' github.com gist.github.com objects-origin.githubusercontent.com; frame-ancestors 'none'; frame-src viewscreen.githubusercontent.com notebooks.githubusercontent.com; img-src 'self' data: github.githubassets.com media.githubusercontent.com camo.githubusercontent.com identicons.github.com avatars.githubusercontent.com github-cloud.s3.amazonaws.com objects.githubusercontent.com objects-origin.githubusercontent.com secured-user-images.githubusercontent.com/ user-images.githubusercontent.com/ private-user-images.githubusercontent.com opengraph.githubassets.com github-production-user-asset-6210df.s3.amazonaws.com customer-stories-feed.github.com spotlights-feed.github.com *.githubusercontent.com; manifest-src 'self'; media-src github.com user-images.githubusercontent.com/ secured-user-images.githubusercontent.com/ private-user-images.githubusercontent.com; script-src github.githubassets.com; style-src 'unsafe-inline' github.githubassets.com; upgrade-insecure-requests; worker-src github.com/assets-cdn/worker/ gist.github.com/assets-cdn/worker/
Set-Cookie: _gh_sess=zFWm3orXpIykl4yPYyIHcdOvmBLQyKcCqURTiBsTxG9Bf%2FeN%2B%2FQPJEhTQyFCA%2BFlnCEEuQwf5H0B0HwxbZUBt5utoJJZIsnX8BQdJaiMZGNnzKaxhHkjnYqEvHJhexJFRcVx%2B%2B91OZ28UorOSFQfka1w3YvM42dahU%2FL7vgqsuC6I2o9mA9ffbffbtx60B2aRXoY52WRZIxQNz4Fb9mXLkLB7A1ZJGv2R6k%2Bx9ChXCfGnXe6IB8398Jrs0UYo798WsqHi3Yxumx5U7NyvfxRjA%3D%3D--fcewCnq7nsLAbiva--na4esNHn5Gawlqgt2bxCQw%3D%3D; Path=/; HttpOnly; Secure; SameSite=Lax
Set-Cookie: _octo=GH1.1.229104448.1690447125; Path=/; Domain=github.com; Expires=Sat, 27 Jul 2024 08:38:45 GMT; Secure; SameSite=Lax
Set-Cookie: logged_in=no; Path=/; Domain=github.com; Expires=Sat, 27 Jul 2024 08:38:45 GMT; HttpOnly; Secure; SameSite=Lax
Accept-Ranges: bytes
Transfer-Encoding: chunked
X-GitHub-Request-Id: FC58:269730:769762:8448AD:64C22D15
connection: close

]
[2023-07-27 14:13:41,774: INFO: common: yaml file: config/config.yaml loaded successfully]
[2023-07-27 14:13:41,780: INFO: common: yaml file: params.yaml loaded successfully]
[2023-07-27 14:13:41,782: INFO: common: created directory at: artifacts]
[2023-07-27 14:13:41,787: INFO: common: created directory at: artifacts/data_ingestion]
[2023-07-27 14:13:41,791: INFO: 1434958058: File already exists of size: ~ 117 KB]
[2023-07-27 14:15:30,343: INFO: common: yaml file: config/config.yaml loaded successfully]
[2023-07-27 14:15:30,352: INFO: common: yaml file: params.yaml loaded successfully]
[2023-07-27 14:15:30,355: INFO: common: created directory at: artifacts]
[2023-07-27 14:15:30,357: INFO: common: created directory at: artifacts/data_ingestion]
[2023-07-27 14:15:31,359: INFO: 1434958058: artifacts/data_ingestion/data.zip download! with following info: 
Server: GitHub.com
Date: Thu, 27 Jul 2023 08:45:31 GMT
Content-Type: text/html; charset=utf-8
Vary: X-PJAX, X-PJAX-Container, Turbo-Visit, Turbo-Frame, Accept-Encoding, Accept, X-Requested-With
ETag: W/"519d1bd5e6dcb23425b0410f45461489"
Cache-Control: max-age=0, private, must-revalidate
Strict-Transport-Security: max-age=31536000; includeSubdomains; preload
X-Frame-Options: deny
X-Content-Type-Options: nosniff
X-XSS-Protection: 0
Referrer-Policy: no-referrer-when-downgrade
Content-Security-Policy: default-src 'none'; base-uri 'self'; child-src github.com/assets-cdn/worker/ gist.github.com/assets-cdn/worker/; connect-src 'self' uploads.github.com objects-origin.githubusercontent.com www.githubstatus.com collector.github.com raw.githubusercontent.com api.github.com github-cloud.s3.amazonaws.com github-production-repository-file-5c1aeb.s3.amazonaws.com github-production-upload-manifest-file-7fdce7.s3.amazonaws.com github-production-user-asset-6210df.s3.amazonaws.com cdn.optimizely.com logx.optimizely.com/v1/events *.actions.githubusercontent.com productionresultssa0.blob.core.windows.net/ productionresultssa1.blob.core.windows.net/ productionresultssa2.blob.core.windows.net/ productionresultssa3.blob.core.windows.net/ productionresultssa4.blob.core.windows.net/ wss://*.actions.githubusercontent.com github-production-repository-image-32fea6.s3.amazonaws.com github-production-release-asset-2e65be.s3.amazonaws.com insights.github.com wss://alive.github.com; font-src github.githubassets.com; form-action 'self' github.com gist.github.com objects-origin.githubusercontent.com; frame-ancestors 'none'; frame-src viewscreen.githubusercontent.com notebooks.githubusercontent.com; img-src 'self' data: github.githubassets.com media.githubusercontent.com camo.githubusercontent.com identicons.github.com avatars.githubusercontent.com github-cloud.s3.amazonaws.com objects.githubusercontent.com objects-origin.githubusercontent.com secured-user-images.githubusercontent.com/ user-images.githubusercontent.com/ private-user-images.githubusercontent.com opengraph.githubassets.com github-production-user-asset-6210df.s3.amazonaws.com customer-stories-feed.github.com spotlights-feed.github.com *.githubusercontent.com; manifest-src 'self'; media-src github.com user-images.githubusercontent.com/ secured-user-images.githubusercontent.com/ private-user-images.githubusercontent.com; script-src github.githubassets.com; style-src 'unsafe-inline' github.githubassets.com; upgrade-insecure-requests; worker-src github.com/assets-cdn/worker/ gist.github.com/assets-cdn/worker/
Set-Cookie: _gh_sess=QqKwMIdSEze5Wltlmv4fWhoGZKoe6ViowwPa8eu3c2reeK7aKAwwNAuMPyILahaovduP1OLoifknRXHBhF7ntRtTcZgqPWbAleWC2mYY%2FxTKwlW1KDVURfPEdORS%2BYOwLsSActoalLJxVC%2B2tUeOtS2HPS3yxmFikXq7eEcqD6jmmQO5Muj7pg20To1QGzJ6l877xJYUGfDWLG5MP4eNx5O2GDRl9ZjLemqOK2cq3yPTlPQddkHlTg8OBTuADANv3OOtxQp6u5WR1LPvcwOEaw%3D%3D--lYEH7J1fhxGtGQTM--pHwjMGEFylX3JjfcNrVumQ%3D%3D; Path=/; HttpOnly; Secure; SameSite=Lax
Set-Cookie: _octo=GH1.1.1214390955.1690447531; Path=/; Domain=github.com; Expires=Sat, 27 Jul 2024 08:45:31 GMT; Secure; SameSite=Lax
Set-Cookie: logged_in=no; Path=/; Domain=github.com; Expires=Sat, 27 Jul 2024 08:45:31 GMT; HttpOnly; Secure; SameSite=Lax
Accept-Ranges: bytes
Transfer-Encoding: chunked
X-GitHub-Request-Id: FDAB:268B32:74D735:829C0E:64C22EAA
connection: close

]
[2023-07-27 14:37:42,155: INFO: main: >>>>>> stage Data Ingestion stage started <<<<<<]
[2023-07-27 14:37:42,156: ERROR: main: name 'DataIngestionTrainingPipeline' is not defined]
Traceback (most recent call last):
  File "/Users/harshalsmac/Documents/Projects/NLP/txt-summarizer/main.py", line 7, in <module>
    data_ingestion = DataIngestionTrainingPipeline()
                     ^^^^^^^^^^^^^^^^^^^^^^^^^^^^^
NameError: name 'DataIngestionTrainingPipeline' is not defined
[2023-07-27 14:38:40,976: INFO: main: >>>>>> stage Data Ingestion stage started <<<<<<]
[2023-07-27 14:38:40,978: INFO: common: yaml file: config/config.yaml loaded successfully]
[2023-07-27 14:38:40,979: INFO: common: yaml file: params.yaml loaded successfully]
[2023-07-27 14:38:40,979: INFO: common: created directory at: artifacts]
[2023-07-27 14:38:40,979: ERROR: main: 'ConfigurationManager' object has no attribute 'get_config']
Traceback (most recent call last):
  File "/Users/harshalsmac/Documents/Projects/NLP/txt-summarizer/main.py", line 8, in <module>
    data_ingestion.main()
  File "/Users/harshalsmac/Documents/Projects/NLP/txt-summarizer/src/textSummarizer/pipeline/stage_01_data_ingestion.py", line 10, in main
    config = ConfigurationManager().get_config()
             ^^^^^^^^^^^^^^^^^^^^^^^^^^^^^^^^^
AttributeError: 'ConfigurationManager' object has no attribute 'get_config'
[2023-07-27 14:39:55,239: INFO: main: >>>>>> stage Data Ingestion stage started <<<<<<]
[2023-07-27 14:39:55,241: INFO: common: yaml file: config/config.yaml loaded successfully]
[2023-07-27 14:39:55,241: INFO: common: yaml file: params.yaml loaded successfully]
[2023-07-27 14:39:55,241: INFO: common: created directory at: artifacts]
[2023-07-27 14:39:55,242: INFO: common: created directory at: artifacts/data_ingestion]
[2023-07-27 14:39:55,242: INFO: data_ingestion: File already exists of size: ~ 117 KB]
[2023-07-27 14:39:55,243: ERROR: main: File is not a zip file]
Traceback (most recent call last):
  File "/Users/harshalsmac/Documents/Projects/NLP/txt-summarizer/main.py", line 8, in <module>
    data_ingestion.main()
  File "/Users/harshalsmac/Documents/Projects/NLP/txt-summarizer/src/textSummarizer/pipeline/stage_01_data_ingestion.py", line 14, in main
    data_ingestion.extract_zip_file()
  File "/Users/harshalsmac/Documents/Projects/NLP/txt-summarizer/src/textSummarizer/components/data_ingestion.py", line 35, in extract_zip_file
    with zipfile.ZipFile(self.config.local_data_file, 'r') as zip_ref:
         ^^^^^^^^^^^^^^^^^^^^^^^^^^^^^^^^^^^^^^^^^^^^^^^^^
  File "/Users/harshalsmac/opt/anaconda3/envs/NLP/lib/python3.11/zipfile.py", line 1302, in __init__
    self._RealGetContents()
  File "/Users/harshalsmac/opt/anaconda3/envs/NLP/lib/python3.11/zipfile.py", line 1369, in _RealGetContents
    raise BadZipFile("File is not a zip file")
zipfile.BadZipFile: File is not a zip file
[2023-07-27 14:40:51,017: INFO: main: >>>>>> stage Data Ingestion stage started <<<<<<]
[2023-07-27 14:40:51,018: INFO: common: yaml file: config/config.yaml loaded successfully]
[2023-07-27 14:40:51,019: INFO: common: yaml file: params.yaml loaded successfully]
[2023-07-27 14:40:51,020: INFO: common: created directory at: artifacts]
[2023-07-27 14:40:51,020: INFO: common: created directory at: artifacts/data_ingestion]
[2023-07-27 14:40:51,020: INFO: data_ingestion: File already exists of size: ~ 117 KB]
[2023-07-27 14:40:51,022: ERROR: main: File is not a zip file]
Traceback (most recent call last):
  File "/Users/harshalsmac/Documents/Projects/NLP/txt-summarizer/main.py", line 10, in <module>
    data_ingestion.main()
  File "/Users/harshalsmac/Documents/Projects/NLP/txt-summarizer/src/textSummarizer/pipeline/stage_01_data_ingestion.py", line 14, in main
    data_ingestion.extract_zip_file()
  File "/Users/harshalsmac/Documents/Projects/NLP/txt-summarizer/src/textSummarizer/components/data_ingestion.py", line 35, in extract_zip_file
    with zipfile.ZipFile(self.config.local_data_file, 'r') as zip_ref:
         ^^^^^^^^^^^^^^^^^^^^^^^^^^^^^^^^^^^^^^^^^^^^^^^^^
  File "/Users/harshalsmac/opt/anaconda3/envs/NLP/lib/python3.11/zipfile.py", line 1302, in __init__
    self._RealGetContents()
  File "/Users/harshalsmac/opt/anaconda3/envs/NLP/lib/python3.11/zipfile.py", line 1369, in _RealGetContents
    raise BadZipFile("File is not a zip file")
zipfile.BadZipFile: File is not a zip file
[2023-07-27 14:41:43,038: INFO: main: >>>>>> stage Data Ingestion stage started <<<<<<]
[2023-07-27 14:41:43,040: INFO: common: yaml file: config/config.yaml loaded successfully]
[2023-07-27 14:41:43,040: INFO: common: yaml file: params.yaml loaded successfully]
[2023-07-27 14:41:43,041: INFO: common: created directory at: artifacts]
[2023-07-27 14:41:43,041: INFO: common: created directory at: artifacts/data_ingestion]
[2023-07-27 14:41:43,041: INFO: data_ingestion: File already exists of size: ~ 117 KB]
[2023-07-27 14:41:43,043: ERROR: main: File is not a zip file]
Traceback (most recent call last):
  File "/Users/harshalsmac/Documents/Projects/NLP/txt-summarizer/main.py", line 10, in <module>
    data_ingestion.main()
  File "/Users/harshalsmac/Documents/Projects/NLP/txt-summarizer/src/textSummarizer/pipeline/stage_01_data_ingestion.py", line 14, in main
    data_ingestion.extract_zip_file()
  File "/Users/harshalsmac/Documents/Projects/NLP/txt-summarizer/src/textSummarizer/components/data_ingestion.py", line 35, in extract_zip_file
    with zipfile.ZipFile(self.config.local_data_file, 'r') as zip_ref:
         ^^^^^^^^^^^^^^^^^^^^^^^^^^^^^^^^^^^^^^^^^^^^^^^^^
  File "/Users/harshalsmac/opt/anaconda3/envs/NLP/lib/python3.11/zipfile.py", line 1302, in __init__
    self._RealGetContents()
  File "/Users/harshalsmac/opt/anaconda3/envs/NLP/lib/python3.11/zipfile.py", line 1369, in _RealGetContents
    raise BadZipFile("File is not a zip file")
zipfile.BadZipFile: File is not a zip file
[2023-07-27 14:42:27,426: INFO: main: >>>>>> stage Data Ingestion stage started <<<<<<]
[2023-07-27 14:42:27,427: INFO: common: yaml file: config/config.yaml loaded successfully]
[2023-07-27 14:42:27,428: INFO: common: yaml file: params.yaml loaded successfully]
[2023-07-27 14:42:27,429: INFO: common: created directory at: artifacts]
[2023-07-27 14:42:27,429: INFO: common: created directory at: artifacts/data_ingestion]
[2023-07-27 14:44:11,978: INFO: data_ingestion: artifacts/data_ingestion/data.zip download! with following info: 
Connection: close
Content-Length: 7903594
Cache-Control: max-age=300
Content-Security-Policy: default-src 'none'; style-src 'unsafe-inline'; sandbox
Content-Type: application/zip
ETag: "dbc016a060da18070593b83afff580c9b300f0b6ea4147a7988433e04df246ca"
Strict-Transport-Security: max-age=31536000
X-Content-Type-Options: nosniff
X-Frame-Options: deny
X-XSS-Protection: 1; mode=block
X-GitHub-Request-Id: 560A:41A8:121E84:151525:64C23547
Accept-Ranges: bytes
Date: Thu, 27 Jul 2023 09:13:45 GMT
Via: 1.1 varnish
X-Served-By: cache-bom4738-BOM
X-Cache: MISS
X-Cache-Hits: 0
X-Timer: S1690449224.256753,VS0,VE1225
Vary: Authorization,Accept-Encoding,Origin
Access-Control-Allow-Origin: *
Cross-Origin-Resource-Policy: cross-origin
X-Fastly-Request-ID: f35188f6929c5e32bb28613bf36396250a481a2b
Expires: Thu, 27 Jul 2023 09:18:45 GMT
Source-Age: 1

]
[2023-07-27 14:44:12,247: INFO: main: >>>>>> stage Data Ingestion stage completed <<<<<<

x==========x]
[2023-07-27 15:10:49,560: INFO: main: >>>>>> stage Data Ingestion stage started <<<<<<]
[2023-07-27 15:10:49,564: INFO: common: yaml file: config/config.yaml loaded successfully]
[2023-07-27 15:10:49,566: INFO: common: yaml file: params.yaml loaded successfully]
[2023-07-27 15:10:49,566: INFO: common: created directory at: artifacts]
[2023-07-27 15:10:49,566: INFO: common: created directory at: artifacts/data_ingestion]
[2023-07-27 15:10:49,567: INFO: data_ingestion: File already exists of size: ~ 7718 KB]
[2023-07-27 15:10:49,809: INFO: main: >>>>>> stage Data Ingestion stage completed <<<<<<

x==========x]
[2023-07-27 23:13:24,412: INFO: common: yaml file: config/config.yaml loaded successfully]
[2023-07-27 23:13:24,428: INFO: common: yaml file: params.yaml loaded successfully]
[2023-07-27 23:13:24,433: INFO: common: created directory at: artifacts]
[2023-07-27 23:13:24,435: INFO: common: created directory at: artifacts/data_validation]
[2023-07-27 23:29:25,052: INFO: main: >>>>>> stage Data Ingestion stage started <<<<<<]
[2023-07-27 23:29:25,055: INFO: common: yaml file: config/config.yaml loaded successfully]
[2023-07-27 23:29:25,056: INFO: common: yaml file: params.yaml loaded successfully]
[2023-07-27 23:29:25,057: INFO: common: created directory at: artifacts]
[2023-07-27 23:29:25,057: INFO: common: created directory at: artifacts/data_ingestion]
[2023-07-27 23:31:56,935: ERROR: main: <urlopen error [Errno 60] Operation timed out>]
Traceback (most recent call last):
  File "/Users/harshalsmac/opt/anaconda3/envs/NLP/lib/python3.11/urllib/request.py", line 1348, in do_open
    h.request(req.get_method(), req.selector, req.data, headers,
  File "/Users/harshalsmac/opt/anaconda3/envs/NLP/lib/python3.11/http/client.py", line 1286, in request
    self._send_request(method, url, body, headers, encode_chunked)
  File "/Users/harshalsmac/opt/anaconda3/envs/NLP/lib/python3.11/http/client.py", line 1332, in _send_request
    self.endheaders(body, encode_chunked=encode_chunked)
  File "/Users/harshalsmac/opt/anaconda3/envs/NLP/lib/python3.11/http/client.py", line 1281, in endheaders
    self._send_output(message_body, encode_chunked=encode_chunked)
  File "/Users/harshalsmac/opt/anaconda3/envs/NLP/lib/python3.11/http/client.py", line 1041, in _send_output
    self.send(msg)
  File "/Users/harshalsmac/opt/anaconda3/envs/NLP/lib/python3.11/http/client.py", line 979, in send
    self.connect()
  File "/Users/harshalsmac/opt/anaconda3/envs/NLP/lib/python3.11/http/client.py", line 1451, in connect
    super().connect()
  File "/Users/harshalsmac/opt/anaconda3/envs/NLP/lib/python3.11/http/client.py", line 945, in connect
    self.sock = self._create_connection(
                ^^^^^^^^^^^^^^^^^^^^^^^^
  File "/Users/harshalsmac/opt/anaconda3/envs/NLP/lib/python3.11/socket.py", line 851, in create_connection
    raise exceptions[0]
  File "/Users/harshalsmac/opt/anaconda3/envs/NLP/lib/python3.11/socket.py", line 836, in create_connection
    sock.connect(sa)
TimeoutError: [Errno 60] Operation timed out

During handling of the above exception, another exception occurred:

Traceback (most recent call last):
  File "/Users/harshalsmac/Documents/Projects/NLP/txt-summarizer/main.py", line 11, in <module>
    data_ingestion.main()
  File "/Users/harshalsmac/Documents/Projects/NLP/txt-summarizer/src/textSummarizer/pipeline/stage_01_data_ingestion.py", line 13, in main
    data_ingestion.download_file()
  File "/Users/harshalsmac/Documents/Projects/NLP/txt-summarizer/src/textSummarizer/components/data_ingestion.py", line 17, in download_file
    filename, headers = request.urlretrieve(
                        ^^^^^^^^^^^^^^^^^^^^
  File "/Users/harshalsmac/opt/anaconda3/envs/NLP/lib/python3.11/urllib/request.py", line 241, in urlretrieve
    with contextlib.closing(urlopen(url, data)) as fp:
                            ^^^^^^^^^^^^^^^^^^
  File "/Users/harshalsmac/opt/anaconda3/envs/NLP/lib/python3.11/urllib/request.py", line 216, in urlopen
    return opener.open(url, data, timeout)
           ^^^^^^^^^^^^^^^^^^^^^^^^^^^^^^^
  File "/Users/harshalsmac/opt/anaconda3/envs/NLP/lib/python3.11/urllib/request.py", line 525, in open
    response = meth(req, response)
               ^^^^^^^^^^^^^^^^^^^
  File "/Users/harshalsmac/opt/anaconda3/envs/NLP/lib/python3.11/urllib/request.py", line 634, in http_response
    response = self.parent.error(
               ^^^^^^^^^^^^^^^^^^
  File "/Users/harshalsmac/opt/anaconda3/envs/NLP/lib/python3.11/urllib/request.py", line 557, in error
    result = self._call_chain(*args)
             ^^^^^^^^^^^^^^^^^^^^^^^
  File "/Users/harshalsmac/opt/anaconda3/envs/NLP/lib/python3.11/urllib/request.py", line 496, in _call_chain
    result = func(*args)
             ^^^^^^^^^^^
  File "/Users/harshalsmac/opt/anaconda3/envs/NLP/lib/python3.11/urllib/request.py", line 749, in http_error_302
    return self.parent.open(new, timeout=req.timeout)
           ^^^^^^^^^^^^^^^^^^^^^^^^^^^^^^^^^^^^^^^^^^
  File "/Users/harshalsmac/opt/anaconda3/envs/NLP/lib/python3.11/urllib/request.py", line 519, in open
    response = self._open(req, data)
               ^^^^^^^^^^^^^^^^^^^^^
  File "/Users/harshalsmac/opt/anaconda3/envs/NLP/lib/python3.11/urllib/request.py", line 536, in _open
    result = self._call_chain(self.handle_open, protocol, protocol +
             ^^^^^^^^^^^^^^^^^^^^^^^^^^^^^^^^^^^^^^^^^^^^^^^^^^^^^^^
  File "/Users/harshalsmac/opt/anaconda3/envs/NLP/lib/python3.11/urllib/request.py", line 496, in _call_chain
    result = func(*args)
             ^^^^^^^^^^^
  File "/Users/harshalsmac/opt/anaconda3/envs/NLP/lib/python3.11/urllib/request.py", line 1391, in https_open
    return self.do_open(http.client.HTTPSConnection, req,
           ^^^^^^^^^^^^^^^^^^^^^^^^^^^^^^^^^^^^^^^^^^^^^^
  File "/Users/harshalsmac/opt/anaconda3/envs/NLP/lib/python3.11/urllib/request.py", line 1351, in do_open
    raise URLError(err)
urllib.error.URLError: <urlopen error [Errno 60] Operation timed out>
[2023-07-27 23:33:09,476: INFO: main: >>>>>> stage Data Ingestion stage started <<<<<<]
[2023-07-27 23:33:09,479: INFO: common: yaml file: config/config.yaml loaded successfully]
[2023-07-27 23:33:09,481: INFO: common: yaml file: params.yaml loaded successfully]
[2023-07-27 23:33:09,481: INFO: common: created directory at: artifacts]
[2023-07-27 23:33:09,482: INFO: common: created directory at: artifacts/data_ingestion]
[2023-07-27 23:33:20,032: INFO: data_ingestion: artifacts/data_ingestion/data.zip download! with following info: 
Connection: close
Content-Length: 7903594
Cache-Control: max-age=300
Content-Security-Policy: default-src 'none'; style-src 'unsafe-inline'; sandbox
Content-Type: application/zip
ETag: "dbc016a060da18070593b83afff580c9b300f0b6ea4147a7988433e04df246ca"
Strict-Transport-Security: max-age=31536000
X-Content-Type-Options: nosniff
X-Frame-Options: deny
X-XSS-Protection: 1; mode=block
X-GitHub-Request-Id: 2E1A:4DAF:1C6E27:20D05D:64C2B15E
Accept-Ranges: bytes
Date: Thu, 27 Jul 2023 18:03:11 GMT
Via: 1.1 varnish
X-Served-By: cache-bom4740-BOM
X-Cache: MISS
X-Cache-Hits: 0
X-Timer: S1690480991.609018,VS0,VE1122
Vary: Authorization,Accept-Encoding,Origin
Access-Control-Allow-Origin: *
Cross-Origin-Resource-Policy: cross-origin
X-Fastly-Request-ID: a346b6d14192483d9db02c111b1cba7fd68170b9
Expires: Thu, 27 Jul 2023 18:08:11 GMT
Source-Age: 1

]
[2023-07-27 23:33:20,215: INFO: main: >>>>>> stage Data Ingestion stage completed <<<<<<

x==========x]
[2023-07-27 23:33:20,215: INFO: main: >>>>>> stage Data Validation stage started <<<<<<]
[2023-07-27 23:33:20,219: INFO: common: yaml file: config/config.yaml loaded successfully]
[2023-07-27 23:33:20,220: INFO: common: yaml file: params.yaml loaded successfully]
[2023-07-27 23:33:20,220: INFO: common: created directory at: artifacts]
[2023-07-27 23:33:20,221: INFO: common: created directory at: artifacts/data_validation]
[2023-07-27 23:33:20,223: INFO: main: >>>>>> stage Data Validation stage completed <<<<<<

x==========x]
[2023-07-27 23:37:52,877: INFO: common: yaml file: config/config.yaml loaded successfully]
[2023-07-27 23:37:52,882: INFO: common: yaml file: params.yaml loaded successfully]
[2023-07-27 23:37:52,902: INFO: common: created directory at: artifacts]
[2023-07-27 23:39:58,249: INFO: common: yaml file: config/config.yaml loaded successfully]
[2023-07-27 23:39:58,270: INFO: common: yaml file: params.yaml loaded successfully]
[2023-07-27 23:39:58,277: INFO: common: created directory at: artifacts]
[2023-07-27 23:39:58,279: INFO: common: created directory at: artifacts/data_transformation]
[2023-07-27 23:55:43,210: INFO: main: >>>>>> stage Data Ingestion stage started <<<<<<]
[2023-07-27 23:55:43,214: INFO: common: yaml file: config/config.yaml loaded successfully]
[2023-07-27 23:55:43,217: INFO: common: yaml file: params.yaml loaded successfully]
[2023-07-27 23:55:43,219: INFO: common: created directory at: artifacts]
[2023-07-27 23:55:43,219: INFO: common: created directory at: artifacts/data_ingestion]
[2023-07-27 23:55:43,222: INFO: data_ingestion: File already exists of size: ~ 7718 KB]
[2023-07-27 23:55:43,426: INFO: main: >>>>>> stage Data Ingestion stage completed <<<<<<

x==========x]
[2023-07-27 23:55:43,426: INFO: main: >>>>>> stage Data Validation stage started <<<<<<]
[2023-07-27 23:55:43,428: INFO: common: yaml file: config/config.yaml loaded successfully]
[2023-07-27 23:55:43,429: INFO: common: yaml file: params.yaml loaded successfully]
[2023-07-27 23:55:43,429: INFO: common: created directory at: artifacts]
[2023-07-27 23:55:43,429: INFO: common: created directory at: artifacts/data_validation]
[2023-07-27 23:55:43,432: INFO: main: >>>>>> stage Data Validation stage completed <<<<<<

x==========x]
[2023-07-27 23:55:43,432: INFO: main: >>>>>> stage Data Transformation stage started <<<<<<]
[2023-07-27 23:55:43,433: INFO: common: yaml file: config/config.yaml loaded successfully]
[2023-07-27 23:55:43,434: INFO: common: yaml file: params.yaml loaded successfully]
[2023-07-27 23:55:43,435: INFO: common: created directory at: artifacts]
[2023-07-27 23:55:43,436: INFO: common: created directory at: artifacts/data_transformation]
[2023-07-27 23:55:58,005: INFO: main: >>>>>> stage Data Transformation stage completed <<<<<<

x==========x]
[2023-07-27 23:56:15,410: INFO: main: >>>>>> stage Data Ingestion stage started <<<<<<]
[2023-07-27 23:56:15,414: INFO: common: yaml file: config/config.yaml loaded successfully]
[2023-07-27 23:56:15,416: INFO: common: yaml file: params.yaml loaded successfully]
[2023-07-27 23:56:15,416: INFO: common: created directory at: artifacts]
[2023-07-27 23:56:15,416: INFO: common: created directory at: artifacts/data_ingestion]
[2023-07-27 23:56:21,815: INFO: data_ingestion: artifacts/data_ingestion/data.zip download! with following info: 
Connection: close
Content-Length: 7903594
Cache-Control: max-age=300
Content-Security-Policy: default-src 'none'; style-src 'unsafe-inline'; sandbox
Content-Type: application/zip
ETag: "dbc016a060da18070593b83afff580c9b300f0b6ea4147a7988433e04df246ca"
Strict-Transport-Security: max-age=31536000
X-Content-Type-Options: nosniff
X-Frame-Options: deny
X-XSS-Protection: 1; mode=block
X-GitHub-Request-Id: 2E1A:4DAF:1C6E27:20D05D:64C2B15E
Accept-Ranges: bytes
Date: Thu, 27 Jul 2023 18:26:17 GMT
Via: 1.1 varnish
X-Served-By: cache-bom4724-BOM
X-Cache: HIT
X-Cache-Hits: 0
X-Timer: S1690482377.796940,VS0,VE450
Vary: Authorization,Accept-Encoding,Origin
Access-Control-Allow-Origin: *
Cross-Origin-Resource-Policy: cross-origin
X-Fastly-Request-ID: 035b38f31c561bcd8456e7712d0119c698e10a1c
Expires: Thu, 27 Jul 2023 18:31:17 GMT
Source-Age: 0

]
[2023-07-27 23:56:22,296: INFO: main: >>>>>> stage Data Ingestion stage completed <<<<<<

x==========x]
[2023-07-27 23:56:22,298: INFO: main: >>>>>> stage Data Validation stage started <<<<<<]
[2023-07-27 23:56:22,306: INFO: common: yaml file: config/config.yaml loaded successfully]
[2023-07-27 23:56:22,315: INFO: common: yaml file: params.yaml loaded successfully]
[2023-07-27 23:56:22,318: INFO: common: created directory at: artifacts]
[2023-07-27 23:56:22,320: INFO: common: created directory at: artifacts/data_validation]
[2023-07-27 23:56:22,328: INFO: main: >>>>>> stage Data Validation stage completed <<<<<<

x==========x]
[2023-07-27 23:56:22,335: INFO: main: >>>>>> stage Data Transformation stage started <<<<<<]
[2023-07-27 23:56:22,344: INFO: common: yaml file: config/config.yaml loaded successfully]
[2023-07-27 23:56:22,345: INFO: common: yaml file: params.yaml loaded successfully]
[2023-07-27 23:56:22,346: INFO: common: created directory at: artifacts]
[2023-07-27 23:56:22,350: INFO: common: created directory at: artifacts/data_transformation]
[2023-07-27 23:56:44,440: INFO: main: >>>>>> stage Data Transformation stage completed <<<<<<

x==========x]
